2019-04-17 06:03:53 +0000  Initial pipeline context: <IDEDistributionProcessingPipelineContext: 0x7f7fbbbbb3d0; archive(resolved)='<IDEArchive: 0x7f7fb6ee1d10>', distributionTask(resolved)='2', distributionDestination(resolved)='1', distributionMethod(resolved)='<IDEDistributionMethodiOSEnterprise: 0x7f7fb44dad30>', team(resolved)='<IDEProvisioningDisambiguatableBasicTeam: 0x7f7fb6a9d510; teamID='H49DK955B9', teamName='Beijing Vhall Technology Co., Ltd. (Enterprise)', teamType='Enterprise', username='app@vhall.com', isFreeProvisioningTeam='0'>'>
	Chain (12, self inclusive):
	<IDEDistributionProcessingPipelineContext: 0x7f7fbbbbb3d0; archive = '<IDEArchive: 0x7f7fb6ee1d10>', distributionMethod='<IDEDistributionMethodiOSEnterprise: 0x7f7fb44dad30>', team='<IDEProvisioningDisambiguatableBasicTeam: 0x7f7fb6a9d510; teamID='H49DK955B9', teamName='Beijing Vhall Technology Co., Ltd. (Enterprise)', teamType='Enterprise', username='app@vhall.com', isFreeProvisioningTeam='0'>'>
	<IDEDistributionProcessingPipelineContext: 0x7f7fbbf5fa70; archive = '<IDEArchive: 0x7f7fb6ee1d10>', distributionMethod='<IDEDistributionMethodiOSEnterprise: 0x7f7fb44dad30>', team='<IDEProvisioningDisambiguatableBasicTeam: 0x7f7fb6a9d510; teamID='H49DK955B9', teamName='Beijing Vhall Technology Co., Ltd. (Enterprise)', teamType='Enterprise', username='app@vhall.com', isFreeProvisioningTeam='0'>'>
	<IDEDistributionContext: 0x7f7fbc175020; archive = '<IDEArchive: 0x7f7fb6ee1d10>', distributionMethod='<IDEDistributionMethodiOSEnterprise: 0x7f7fb44dad30>', team='<IDEProvisioningDisambiguatableBasicTeam: 0x7f7fb6a9d510; teamID='H49DK955B9', teamName='Beijing Vhall Technology Co., Ltd. (Enterprise)', teamType='Enterprise', username='app@vhall.com', isFreeProvisioningTeam='0'>'>
	<IDEDistributionContext: 0x7f7fbbe49a00; archive = '<IDEArchive: 0x7f7fb6ee1d10>', distributionMethod='<IDEDistributionMethodiOSEnterprise: 0x7f7fb44dad30>', team='<IDEProvisioningDisambiguatableBasicTeam: 0x7f7fb6a9d510; teamID='H49DK955B9', teamName='Beijing Vhall Technology Co., Ltd. (Enterprise)', teamType='Enterprise', username='app@vhall.com', isFreeProvisioningTeam='0'>'>
	<IDEDistributionContext: 0x7f7fbbe48f10; archive = '<IDEArchive: 0x7f7fb6ee1d10>', distributionMethod='<IDEDistributionMethodiOSEnterprise: 0x7f7fb44dad30>', team='<IDEProvisioningDisambiguatableBasicTeam: 0x7f7fb6a9d510; teamID='H49DK955B9', teamName='Beijing Vhall Technology Co., Ltd. (Enterprise)', teamType='Enterprise', username='app@vhall.com', isFreeProvisioningTeam='0'>'>
	<IDEDistributionContext: 0x7f7fbbe3c9d0; archive = '<IDEArchive: 0x7f7fb6ee1d10>', distributionMethod='<IDEDistributionMethodiOSEnterprise: 0x7f7fb44dad30>', team='<IDEProvisioningDisambiguatableBasicTeam: 0x7f7fb6a9d510; teamID='H49DK955B9', teamName='Beijing Vhall Technology Co., Ltd. (Enterprise)', teamType='Enterprise', username='app@vhall.com', isFreeProvisioningTeam='0'>'>
	<IDEDistributionContext: 0x7f7fbbd4d2b0; archive = '<IDEArchive: 0x7f7fb6ee1d10>', distributionMethod='<IDEDistributionMethodiOSEnterprise: 0x7f7fb44dad30>', team='<IDEProvisioningDisambiguatableBasicTeam: 0x7f7fb6a9d510; teamID='H49DK955B9', teamName='Beijing Vhall Technology Co., Ltd. (Enterprise)', teamType='Enterprise', username='app@vhall.com', isFreeProvisioningTeam='0'>'>
	<IDEDistributionContext: 0x7f7fbc177040; archive = '<IDEArchive: 0x7f7fb6ee1d10>', distributionMethod='<IDEDistributionMethodiOSEnterprise: 0x7f7fb44dad30>', team='<IDEProvisioningDisambiguatableBasicTeam: 0x7f7fb6a9d510; teamID='H49DK955B9', teamName='Beijing Vhall Technology Co., Ltd. (Enterprise)', teamType='Enterprise', username='app@vhall.com', isFreeProvisioningTeam='0'>'>
	<IDEDistributionContext: 0x7f7fbbe5b440; archive = '<IDEArchive: 0x7f7fb6ee1d10>', distributionMethod='<IDEDistributionMethodiOSEnterprise: 0x7f7fb44dad30>', team='<IDEProvisioningDisambiguatableBasicTeam: 0x7f7fb6a9d510; teamID='H49DK955B9', teamName='Beijing Vhall Technology Co., Ltd. (Enterprise)', teamType='Enterprise', username='app@vhall.com', isFreeProvisioningTeam='0'>'>
	<IDEDistributionContext: 0x7f7fbbf62820; archive = '<IDEArchive: 0x7f7fb6ee1d10>', distributionMethod='<IDEDistributionMethodiOSEnterprise: 0x7f7fb44dad30>', team='(null)'>
	<IDEDistributionContext: 0x7f7fb780d5b0; archive = '<IDEArchive: 0x7f7fb6ee1d10>', distributionMethod='<IDEDistributionMethodiOSEnterprise: 0x7f7fb44dad30>', team='(null)'>
	<IDEDistributionContext: 0x7f7fbbf816b0; archive = '<IDEArchive: 0x7f7fb6ee1d10>', distributionMethod='(null)', team='(null)'>
</IDEDistributionProcessingPipelineContext: 0x7f7fbbbbb3d0>
2019-04-17 06:03:53 +0000  Processing step: IDEDistributionCreateDestRootStep
2019-04-17 06:03:53 +0000  Processing step: IDEDistributionCopyItemStep
2019-04-17 06:03:53 +0000  Running /usr/bin/ditto '-V' '/Users/vhall/Library/Developer/Xcode/Archives/2019-04-17/VHYunSDKDemo 2019-4-17 下午2.00.xcarchive/Products/Applications/VHYunSDKDemo.app' '/var/folders/f9/3s3hn7713sl6dggr4hwvnvjw0000gn/T/XcodeDistPipeline.p29/Root/Payload/VHYunSDKDemo.app'
2019-04-17 06:03:53 +0000  >>> Copying /Users/vhall/Library/Developer/Xcode/Archives/2019-04-17/VHYunSDKDemo 2019-4-17 下午2.00.xcarchive/Products/Applications/VHYunSDKDemo.app 
2019-04-17 06:03:53 +0000  copying file ./_CodeSignature/CodeResources ... 
2019-04-17 06:03:53 +0000  20175 bytes for ./_CodeSignature/CodeResources
2019-04-17 06:03:53 +0000  copying file ./AppIcon20x20@2x.png ... 
4139 bytes for ./AppIcon20x20@2x.png
copying file ./AppIcon20x20@2x~ipad.png ... 
2019-04-17 06:03:53 +0000  4139 bytes for ./AppIcon20x20@2x~ipad.png
copying file ./AppIcon20x20@3x.png ... 
2019-04-17 06:03:53 +0000  4735 bytes for ./AppIcon20x20@3x.png
copying file ./AppIcon40x40@2x.png ... 
2019-04-17 06:03:53 +0000  5889 bytes for ./AppIcon40x40@2x.png
copying file ./AppIcon40x40@2x~ipad.png ... 
2019-04-17 06:03:53 +0000  5889 bytes for ./AppIcon40x40@2x~ipad.png
copying file ./AppIcon40x40@3x.png ... 
2019-04-17 06:03:53 +0000  7263 bytes for ./AppIcon40x40@3x.png
copying file ./AppIcon40x40~ipad.png ... 
4139 bytes for ./AppIcon40x40~ipad.png
copying file ./AppIcon60x60@2x.png ... 
2019-04-17 06:03:53 +0000  7263 bytes for ./AppIcon60x60@2x.png
copying file ./AppIcon60x60@3x.png ... 
2019-04-17 06:03:53 +0000  8930 bytes for ./AppIcon60x60@3x.png
copying file ./Assets.car ... 
2019-04-17 06:03:53 +0000  376344 bytes for ./Assets.car
copying file ./Base.lproj/LaunchScreen.storyboardc/01J-lp-oVM-view-Ze5-6b-2t3.nib ... 
1986 bytes for ./Base.lproj/LaunchScreen.storyboardc/01J-lp-oVM-view-Ze5-6b-2t3.nib
copying file ./Base.lproj/LaunchScreen.storyboardc/Info.plist ... 
258 bytes for ./Base.lproj/LaunchScreen.storyboardc/Info.plist
copying file ./Base.lproj/LaunchScreen.storyboardc/UIViewController-01J-lp-oVM.nib ... 
832 bytes for ./Base.lproj/LaunchScreen.storyboardc/UIViewController-01J-lp-oVM.nib
copying file ./Base.lproj/Main.storyboardc/bv4-Oz-8zn-view-IDK-hk-GUt.nib/objects-11.0+.nib ... 
2019-04-17 06:03:53 +0000  7293 bytes for ./Base.lproj/Main.storyboardc/bv4-Oz-8zn-view-IDK-hk-GUt.nib/objects-11.0+.nib
copying file ./Base.lproj/Main.storyboardc/bv4-Oz-8zn-view-IDK-hk-GUt.nib/runtime.nib ... 
7411 bytes for ./Base.lproj/Main.storyboardc/bv4-Oz-8zn-view-IDK-hk-GUt.nib/runtime.nib
2019-04-17 06:03:53 +0000  copying file ./Base.lproj/Main.storyboardc/BYZ-38-t0r-view-8bC-Xf-vdC.nib/objects-11.0+.nib ... 
8531 bytes for ./Base.lproj/Main.storyboardc/BYZ-38-t0r-view-8bC-Xf-vdC.nib/objects-11.0+.nib
copying file ./Base.lproj/Main.storyboardc/BYZ-38-t0r-view-8bC-Xf-vdC.nib/runtime.nib ... 
2019-04-17 06:03:53 +0000  8650 bytes for ./Base.lproj/Main.storyboardc/BYZ-38-t0r-view-8bC-Xf-vdC.nib/runtime.nib
copying file ./Base.lproj/Main.storyboardc/Info.plist ... 
292 bytes for ./Base.lproj/Main.storyboardc/Info.plist
2019-04-17 06:03:53 +0000  copying file ./Base.lproj/Main.storyboardc/UIViewController-bv4-Oz-8zn.nib/objects-11.0+.nib ... 
974 bytes for ./Base.lproj/Main.storyboardc/UIViewController-bv4-Oz-8zn.nib/objects-11.0+.nib
copying file ./Base.lproj/Main.storyboardc/UIViewController-bv4-Oz-8zn.nib/runtime.nib ... 
2019-04-17 06:03:53 +0000  974 bytes for ./Base.lproj/Main.storyboardc/UIViewController-bv4-Oz-8zn.nib/runtime.nib
copying file ./Base.lproj/Main.storyboardc/ViewController.nib/objects-11.0+.nib ... 
2019-04-17 06:03:53 +0000  1023 bytes for ./Base.lproj/Main.storyboardc/ViewController.nib/objects-11.0+.nib
copying file ./Base.lproj/Main.storyboardc/ViewController.nib/runtime.nib ... 
1023 bytes for ./Base.lproj/Main.storyboardc/ViewController.nib/runtime.nib
copying file ./CustomPickerView~ipad.nib/objects-8.0+.nib ... 
5116 bytes for ./CustomPickerView~ipad.nib/objects-8.0+.nib
copying file ./CustomPickerView~ipad.nib/runtime.nib ... 
5117 bytes for ./CustomPickerView~ipad.nib/runtime.nib
copying file ./CustomPickerView~iphone.nib/objects-8.0+.nib ... 
2019-04-17 06:03:53 +0000  5109 bytes for ./CustomPickerView~iphone.nib/objects-8.0+.nib
copying file ./CustomPickerView~iphone.nib/runtime.nib ... 
5116 bytes for ./CustomPickerView~iphone.nib/runtime.nib
copying file ./DocumentDemoViewController.nib/objects-11.0+.nib ... 
2019-04-17 06:03:53 +0000  11882 bytes for ./DocumentDemoViewController.nib/objects-11.0+.nib
copying file ./DocumentDemoViewController.nib/runtime.nib ... 
11213 bytes for ./DocumentDemoViewController.nib/runtime.nib
2019-04-17 06:03:53 +0000  copying file ./embedded.mobileprovision ... 
20028 bytes for ./embedded.mobileprovision
2019-04-17 06:03:53 +0000  copying file ./Frameworks/VhallLiveBaseApi.framework/_CodeSignature/CodeResources ... 
2019-04-17 06:03:53 +0000  2202 bytes for ./Frameworks/VhallLiveBaseApi.framework/_CodeSignature/CodeResources
copying file ./Frameworks/VhallLiveBaseApi.framework/Info.plist ... 
2019-04-17 06:03:53 +0000  717 bytes for ./Frameworks/VhallLiveBaseApi.framework/Info.plist
copying file ./Frameworks/VhallLiveBaseApi.framework/VhallLiveBaseApi ... 
2019-04-17 06:03:53 +0000  13765376 bytes for ./Frameworks/VhallLiveBaseApi.framework/VhallLiveBaseApi
2019-04-17 06:03:53 +0000  copying file ./Frameworks/VhallSignalingDynamic.framework/_CodeSignature/CodeResources ... 
2202 bytes for ./Frameworks/VhallSignalingDynamic.framework/_CodeSignature/CodeResources
copying file ./Frameworks/VhallSignalingDynamic.framework/Info.plist ... 
727 bytes for ./Frameworks/VhallSignalingDynamic.framework/Info.plist
copying file ./Frameworks/VhallSignalingDynamic.framework/VhallSignalingDynamic ... 
2019-04-17 06:03:53 +0000  /usr/bin/ditto exited with 0
2019-04-17 06:03:54 +0000  8370112 bytes for ./Frameworks/VhallSignalingDynamic.framework/VhallSignalingDynamic
copying file ./Frameworks/WebRTC.framework/_CodeSignature/CodeResources ... 
2488 bytes for ./Frameworks/WebRTC.framework/_CodeSignature/CodeResources
copying file ./Frameworks/WebRTC.framework/Info.plist ... 
762 bytes for ./Frameworks/WebRTC.framework/Info.plist
copying file ./Frameworks/WebRTC.framework/LICENSE.md ... 
43439 bytes for ./Frameworks/WebRTC.framework/LICENSE.md
copying file ./Frameworks/WebRTC.framework/WebRTC ... 
10823136 bytes for ./Frameworks/WebRTC.framework/WebRTC
copying file ./IMViewController.nib/objects-11.0+.nib ... 
5396 bytes for ./IMViewController.nib/objects-11.0+.nib
copying file ./IMViewController.nib/runtime.nib ... 
4871 bytes for ./IMViewController.nib/runtime.nib
copying file ./Info.plist ... 
1567 bytes for ./Info.plist
copying file ./kodak.inf ... 
380 bytes for ./kodak.inf
copying file ./PkgInfo ... 
8 bytes for ./PkgInfo
copying file ./PublishViewController.nib ... 
9758 bytes for ./PublishViewController.nib
copying file ./VHInteractiveViewController.nib/objects-11.0+.nib ... 
10669 bytes for ./VHInteractiveViewController.nib/objects-11.0+.nib
copying file ./VHInteractiveViewController.nib/runtime.nib ... 
10135 bytes for ./VHInteractiveViewController.nib/runtime.nib
copying file ./VHSettingViewController.nib ... 
5823 bytes for ./VHSettingViewController.nib
copying file ./VHYunSDKDemo ... 
3942656 bytes for ./VHYunSDKDemo
copying file ./VodDocumentViewController.nib/objects-11.0+.nib ... 
8171 bytes for ./VodDocumentViewController.nib/objects-11.0+.nib
copying file ./VodDocumentViewController.nib/runtime.nib ... 
7513 bytes for ./VodDocumentViewController.nib/runtime.nib
copying file ./WatchViewController.nib/objects-11.0+.nib ... 
9581 bytes for ./WatchViewController.nib/objects-11.0+.nib
copying file ./WatchViewController.nib/runtime.nib ... 
8934 bytes for ./WatchViewController.nib/runtime.nib
copying file ./WatchVodViewController.nib/objects-11.0+.nib ... 
11355 bytes for ./WatchVodViewController.nib/objects-11.0+.nib
copying file ./WatchVodViewController.nib/runtime.nib ... 
10689 bytes for ./WatchVodViewController.nib/runtime.nib
2019-04-17 06:03:54 +0000  Processing step: IDEDistributionEmbedProfileStep
2019-04-17 06:03:54 +0000  Skipping profile for item: <IDEDistributionItem: 0x7f7fbbd46b40 'com.vhall.VhallLiveBaseApi' '<DVTFilePath:0x7f7fb6aa5140:'/Users/vhall/Library/Developer/Xcode/Archives/2019-04-17/VHYunSDKDemo 2019-4-17 下午2.00.xcarchive/Products/Applications/VHYunSDKDemo.app/Frameworks/VhallLiveBaseApi.framework'>'>
2019-04-17 06:03:54 +0000  Skipping profile for item: <IDEDistributionItem: 0x7f7fbbcd7160 'com.vhall.VhallSignalingDynamic' '<DVTFilePath:0x7f7fb6eee3f0:'/Users/vhall/Library/Developer/Xcode/Archives/2019-04-17/VHYunSDKDemo 2019-4-17 下午2.00.xcarchive/Products/Applications/VHYunSDKDemo.app/Frameworks/VhallSignalingDynamic.framework'>'>
2019-04-17 06:03:54 +0000  Skipping profile for item: <IDEDistributionItem: 0x7f7fbbba3c70 'org.webrtc.WebRTC' '<DVTFilePath:0x7f7fb56783a0:'/Users/vhall/Library/Developer/Xcode/Archives/2019-04-17/VHYunSDKDemo 2019-4-17 下午2.00.xcarchive/Products/Applications/VHYunSDKDemo.app/Frameworks/WebRTC.framework'>'>
2019-04-17 06:03:54 +0000  Processing step: IDEDistributionAppThinningPlistStep
2019-04-17 06:03:54 +0000  Skipping step: IDEDistributionAppThinningPlistStep because it said so
2019-04-17 06:03:54 +0000  Processing step: IDEDistributionCompileBitcodeStep
2019-04-17 06:03:54 +0000  Skipping step: IDEDistributionCompileBitcodeStep because it said so
2019-04-17 06:03:54 +0000  Processing step: IDEDistributionCodeSlimmingStep
2019-04-17 06:03:54 +0000  Processing step: IDEDistributionCopyBCSymbolMapsStep
2019-04-17 06:03:54 +0000  Skipping step: IDEDistributionCopyBCSymbolMapsStep because it said so
2019-04-17 06:03:54 +0000  Skipping step: IDEDistributionCopyBCSymbolMapsStep because it said so
2019-04-17 06:03:54 +0000  Skipping step: IDEDistributionCopyBCSymbolMapsStep because it said so
2019-04-17 06:03:54 +0000  Skipping step: IDEDistributionCopyBCSymbolMapsStep because it said so
2019-04-17 06:03:54 +0000  Processing step: IDEDistributionSymbolsStep
2019-04-17 06:03:54 +0000  Skipping step: IDEDistributionSymbolsStep because it said so
2019-04-17 06:03:54 +0000  Skipping step: IDEDistributionSymbolsStep because it said so
2019-04-17 06:03:54 +0000  Skipping step: IDEDistributionSymbolsStep because it said so
2019-04-17 06:03:54 +0000  Skipping step: IDEDistributionSymbolsStep because it said so
2019-04-17 06:03:54 +0000  Processing step: IDEDistributionAppThinningStep
2019-04-17 06:03:54 +0000  Skipping step: IDEDistributionAppThinningStep because it said so
2019-04-17 06:03:54 +0000  Processing step: IDEDistributionArchThinningStep
2019-04-17 06:03:54 +0000  Running /Applications/Xcode.app/Contents/Developer/Toolchains/XcodeDefault.xctoolchain/usr/bin/lipo '/var/folders/f9/3s3hn7713sl6dggr4hwvnvjw0000gn/T/XcodeDistPipeline.p29/Root/Payload/VHYunSDKDemo.app/Frameworks/VhallLiveBaseApi.framework/VhallLiveBaseApi' '-verify_arch' 'arm64e'
2019-04-17 06:03:54 +0000  /Applications/Xcode.app/Contents/Developer/Toolchains/XcodeDefault.xctoolchain/usr/bin/lipo exited with 1
2019-04-17 06:03:54 +0000  Skipping architecture thinning for item "VhallLiveBaseApi" because arch "arm64e" wasn't found
2019-04-17 06:03:54 +0000  Running /Applications/Xcode.app/Contents/Developer/Toolchains/XcodeDefault.xctoolchain/usr/bin/lipo '/var/folders/f9/3s3hn7713sl6dggr4hwvnvjw0000gn/T/XcodeDistPipeline.p29/Root/Payload/VHYunSDKDemo.app/Frameworks/VhallSignalingDynamic.framework/VhallSignalingDynamic' '-verify_arch' 'arm64e'
2019-04-17 06:03:54 +0000  /Applications/Xcode.app/Contents/Developer/Toolchains/XcodeDefault.xctoolchain/usr/bin/lipo exited with 1
2019-04-17 06:03:54 +0000  Skipping architecture thinning for item "VhallSignalingDynamic" because arch "arm64e" wasn't found
2019-04-17 06:03:54 +0000  Running /Applications/Xcode.app/Contents/Developer/Toolchains/XcodeDefault.xctoolchain/usr/bin/lipo '/var/folders/f9/3s3hn7713sl6dggr4hwvnvjw0000gn/T/XcodeDistPipeline.p29/Root/Payload/VHYunSDKDemo.app/Frameworks/WebRTC.framework/WebRTC' '-verify_arch' 'arm64e'
2019-04-17 06:03:54 +0000  /Applications/Xcode.app/Contents/Developer/Toolchains/XcodeDefault.xctoolchain/usr/bin/lipo exited with 1
2019-04-17 06:03:54 +0000  Skipping architecture thinning for item "WebRTC" because arch "arm64e" wasn't found
2019-04-17 06:03:54 +0000  Running /Applications/Xcode.app/Contents/Developer/Toolchains/XcodeDefault.xctoolchain/usr/bin/lipo '/var/folders/f9/3s3hn7713sl6dggr4hwvnvjw0000gn/T/XcodeDistPipeline.p29/Root/Payload/VHYunSDKDemo.app/VHYunSDKDemo' '-verify_arch' 'arm64e'
2019-04-17 06:03:54 +0000  /Applications/Xcode.app/Contents/Developer/Toolchains/XcodeDefault.xctoolchain/usr/bin/lipo exited with 1
2019-04-17 06:03:54 +0000  Skipping architecture thinning for item "VHYunSDKDemo" because arch "arm64e" wasn't found
2019-04-17 06:03:54 +0000  Processing step: IDEDistributionODRStep
2019-04-17 06:03:54 +0000  Processing step: IDEDistributionStripXattrsStep
2019-04-17 06:03:54 +0000  Skipping stripping extended attributes of item: <IDEDistributionItem: 0x7f7fbbd46b40 'com.vhall.VhallLiveBaseApi' '<DVTFilePath:0x7f7fb6aa5140:'/Users/vhall/Library/Developer/Xcode/Archives/2019-04-17/VHYunSDKDemo 2019-4-17 下午2.00.xcarchive/Products/Applications/VHYunSDKDemo.app/Frameworks/VhallLiveBaseApi.framework'>'>
2019-04-17 06:03:54 +0000  Skipping stripping extended attributes of item: <IDEDistributionItem: 0x7f7fbbcd7160 'com.vhall.VhallSignalingDynamic' '<DVTFilePath:0x7f7fb6eee3f0:'/Users/vhall/Library/Developer/Xcode/Archives/2019-04-17/VHYunSDKDemo 2019-4-17 下午2.00.xcarchive/Products/Applications/VHYunSDKDemo.app/Frameworks/VhallSignalingDynamic.framework'>'>
2019-04-17 06:03:54 +0000  Skipping stripping extended attributes of item: <IDEDistributionItem: 0x7f7fbbba3c70 'org.webrtc.WebRTC' '<DVTFilePath:0x7f7fb56783a0:'/Users/vhall/Library/Developer/Xcode/Archives/2019-04-17/VHYunSDKDemo 2019-4-17 下午2.00.xcarchive/Products/Applications/VHYunSDKDemo.app/Frameworks/WebRTC.framework'>'>
2019-04-17 06:03:54 +0000  Running /usr/bin/xattr '-crs' '/var/folders/f9/3s3hn7713sl6dggr4hwvnvjw0000gn/T/XcodeDistPipeline.p29/Root/Payload/VHYunSDKDemo.app'
2019-04-17 06:03:54 +0000  /usr/bin/xattr exited with 0
2019-04-17 06:03:54 +0000  Processing step: IDEDistributionCodesignStep
2019-04-17 06:03:54 +0000  Entitlements for <IDEDistributionItem: 0x7f7fbbd46b40 'com.vhall.VhallLiveBaseApi' '<DVTFilePath:0x7f7fb6aa5140:'/Users/vhall/Library/Developer/Xcode/Archives/2019-04-17/VHYunSDKDemo 2019-4-17 下午2.00.xcarchive/Products/Applications/VHYunSDKDemo.app/Frameworks/VhallLiveBaseApi.framework'>'>: {
}
2019-04-17 06:03:54 +0000  Writing entitlements for <IDEDistributionItem: 0x7f7fbbd46b40 'com.vhall.VhallLiveBaseApi' '<DVTFilePath:0x7f7fb6aa5140:'/Users/vhall/Library/Developer/Xcode/Archives/2019-04-17/VHYunSDKDemo 2019-4-17 下午2.00.xcarchive/Products/Applications/VHYunSDKDemo.app/Frameworks/VhallLiveBaseApi.framework'>'> to: /var/folders/f9/3s3hn7713sl6dggr4hwvnvjw0000gn/T/XcodeDistPipeline.p29/entitlementsag7f20
2019-04-17 06:03:54 +0000  Running /usr/bin/codesign '-vvv' '--force' '--sign' 'E4A43D16201E7276A7D2D498477A8DABB1F0E50F' '--entitlements' '/var/folders/f9/3s3hn7713sl6dggr4hwvnvjw0000gn/T/XcodeDistPipeline.p29/entitlementsag7f20' '--preserve-metadata=identifier,flags,runtime' '/var/folders/f9/3s3hn7713sl6dggr4hwvnvjw0000gn/T/XcodeDistPipeline.p29/Root/Payload/VHYunSDKDemo.app/Frameworks/VhallLiveBaseApi.framework'
2019-04-17 06:03:54 +0000  /var/folders/f9/3s3hn7713sl6dggr4hwvnvjw0000gn/T/XcodeDistPipeline.p29/Root/Payload/VHYunSDKDemo.app/Frameworks/VhallLiveBaseApi.framework: replacing existing signature
2019-04-17 06:03:54 +0000  /var/folders/f9/3s3hn7713sl6dggr4hwvnvjw0000gn/T/XcodeDistPipeline.p29/Root/Payload/VHYunSDKDemo.app/Frameworks/VhallLiveBaseApi.framework: signed bundle with Mach-O universal (armv7 arm64) [com.vhall.VhallLiveBaseApi]
2019-04-17 06:03:54 +0000  /usr/bin/codesign exited with 0
2019-04-17 06:03:54 +0000  Entitlements for <IDEDistributionItem: 0x7f7fbbcd7160 'com.vhall.VhallSignalingDynamic' '<DVTFilePath:0x7f7fb6eee3f0:'/Users/vhall/Library/Developer/Xcode/Archives/2019-04-17/VHYunSDKDemo 2019-4-17 下午2.00.xcarchive/Products/Applications/VHYunSDKDemo.app/Frameworks/VhallSignalingDynamic.framework'>'>: {
}
2019-04-17 06:03:54 +0000  Writing entitlements for <IDEDistributionItem: 0x7f7fbbcd7160 'com.vhall.VhallSignalingDynamic' '<DVTFilePath:0x7f7fb6eee3f0:'/Users/vhall/Library/Developer/Xcode/Archives/2019-04-17/VHYunSDKDemo 2019-4-17 下午2.00.xcarchive/Products/Applications/VHYunSDKDemo.app/Frameworks/VhallSignalingDynamic.framework'>'> to: /var/folders/f9/3s3hn7713sl6dggr4hwvnvjw0000gn/T/XcodeDistPipeline.p29/entitlementsZv47k7
2019-04-17 06:03:54 +0000  Running /usr/bin/codesign '-vvv' '--force' '--sign' 'E4A43D16201E7276A7D2D498477A8DABB1F0E50F' '--entitlements' '/var/folders/f9/3s3hn7713sl6dggr4hwvnvjw0000gn/T/XcodeDistPipeline.p29/entitlementsZv47k7' '--preserve-metadata=identifier,flags,runtime' '/var/folders/f9/3s3hn7713sl6dggr4hwvnvjw0000gn/T/XcodeDistPipeline.p29/Root/Payload/VHYunSDKDemo.app/Frameworks/VhallSignalingDynamic.framework'
2019-04-17 06:03:54 +0000  /var/folders/f9/3s3hn7713sl6dggr4hwvnvjw0000gn/T/XcodeDistPipeline.p29/Root/Payload/VHYunSDKDemo.app/Frameworks/VhallSignalingDynamic.framework: replacing existing signature
2019-04-17 06:03:55 +0000  /var/folders/f9/3s3hn7713sl6dggr4hwvnvjw0000gn/T/XcodeDistPipeline.p29/Root/Payload/VHYunSDKDemo.app/Frameworks/VhallSignalingDynamic.framework: signed bundle with Mach-O universal (armv7 arm64) [com.vhall.VhallSignalingDynamic]
2019-04-17 06:03:55 +0000  /usr/bin/codesign exited with 0
2019-04-17 06:03:55 +0000  Entitlements for <IDEDistributionItem: 0x7f7fbbba3c70 'org.webrtc.WebRTC' '<DVTFilePath:0x7f7fb56783a0:'/Users/vhall/Library/Developer/Xcode/Archives/2019-04-17/VHYunSDKDemo 2019-4-17 下午2.00.xcarchive/Products/Applications/VHYunSDKDemo.app/Frameworks/WebRTC.framework'>'>: {
}
2019-04-17 06:03:55 +0000  Writing entitlements for <IDEDistributionItem: 0x7f7fbbba3c70 'org.webrtc.WebRTC' '<DVTFilePath:0x7f7fb56783a0:'/Users/vhall/Library/Developer/Xcode/Archives/2019-04-17/VHYunSDKDemo 2019-4-17 下午2.00.xcarchive/Products/Applications/VHYunSDKDemo.app/Frameworks/WebRTC.framework'>'> to: /var/folders/f9/3s3hn7713sl6dggr4hwvnvjw0000gn/T/XcodeDistPipeline.p29/entitlementsKUhyUM
2019-04-17 06:03:55 +0000  Running /usr/bin/codesign '-vvv' '--force' '--sign' 'E4A43D16201E7276A7D2D498477A8DABB1F0E50F' '--entitlements' '/var/folders/f9/3s3hn7713sl6dggr4hwvnvjw0000gn/T/XcodeDistPipeline.p29/entitlementsKUhyUM' '--preserve-metadata=identifier,flags,runtime' '/var/folders/f9/3s3hn7713sl6dggr4hwvnvjw0000gn/T/XcodeDistPipeline.p29/Root/Payload/VHYunSDKDemo.app/Frameworks/WebRTC.framework'
2019-04-17 06:03:55 +0000  /var/folders/f9/3s3hn7713sl6dggr4hwvnvjw0000gn/T/XcodeDistPipeline.p29/Root/Payload/VHYunSDKDemo.app/Frameworks/WebRTC.framework: replacing existing signature
2019-04-17 06:03:55 +0000  /var/folders/f9/3s3hn7713sl6dggr4hwvnvjw0000gn/T/XcodeDistPipeline.p29/Root/Payload/VHYunSDKDemo.app/Frameworks/WebRTC.framework: signed bundle with Mach-O universal (armv7 arm64) [org.webrtc.WebRTC]
2019-04-17 06:03:55 +0000  /usr/bin/codesign exited with 0
2019-04-17 06:03:55 +0000  Entitlements for <IDEDistributionItem: 0x7f7fbbd667d0 'com.vhallyun.sdk' '<DVTFilePath:0x7f7fb5510870:'/Users/vhall/Library/Developer/Xcode/Archives/2019-04-17/VHYunSDKDemo 2019-4-17 下午2.00.xcarchive/Products/Applications/VHYunSDKDemo.app'>'>: {
    "application-identifier" = "H49DK955B9.com.vhallyun.sdk";
    "com.apple.developer.team-identifier" = H49DK955B9;
    "get-task-allow" = 0;
    "keychain-access-groups" =     (
        "H49DK955B9.com.vhallyun.sdk"
    );
}
2019-04-17 06:03:55 +0000  Writing entitlements for <IDEDistributionItem: 0x7f7fbbd667d0 'com.vhallyun.sdk' '<DVTFilePath:0x7f7fb5510870:'/Users/vhall/Library/Developer/Xcode/Archives/2019-04-17/VHYunSDKDemo 2019-4-17 下午2.00.xcarchive/Products/Applications/VHYunSDKDemo.app'>'> to: /var/folders/f9/3s3hn7713sl6dggr4hwvnvjw0000gn/T/XcodeDistPipeline.p29/entitlementshAr4Gw
2019-04-17 06:03:55 +0000  Running /usr/bin/codesign '-vvv' '--force' '--sign' 'E4A43D16201E7276A7D2D498477A8DABB1F0E50F' '--entitlements' '/var/folders/f9/3s3hn7713sl6dggr4hwvnvjw0000gn/T/XcodeDistPipeline.p29/entitlementshAr4Gw' '--preserve-metadata=identifier,flags,runtime' '/var/folders/f9/3s3hn7713sl6dggr4hwvnvjw0000gn/T/XcodeDistPipeline.p29/Root/Payload/VHYunSDKDemo.app'
2019-04-17 06:03:55 +0000  /var/folders/f9/3s3hn7713sl6dggr4hwvnvjw0000gn/T/XcodeDistPipeline.p29/Root/Payload/VHYunSDKDemo.app: replacing existing signature
2019-04-17 06:03:56 +0000  /var/folders/f9/3s3hn7713sl6dggr4hwvnvjw0000gn/T/XcodeDistPipeline.p29/Root/Payload/VHYunSDKDemo.app: signed app bundle with Mach-O universal (armv7 arm64) [com.vhallyun.sdk]
2019-04-17 06:03:56 +0000  /usr/bin/codesign exited with 0
2019-04-17 06:03:56 +0000  Processing step: IDEDistributionZipODRItemStep
2019-04-17 06:03:56 +0000  Skipping step: IDEDistributionZipODRItemStep because it said so
2019-04-17 06:03:56 +0000  Skipping step: IDEDistributionZipODRItemStep because it said so
2019-04-17 06:03:56 +0000  Skipping step: IDEDistributionZipODRItemStep because it said so
2019-04-17 06:03:56 +0000  Skipping step: IDEDistributionZipODRItemStep because it said so
2019-04-17 06:03:56 +0000  Processing step: IDEDistributionCreateIPAStep
2019-04-17 06:03:56 +0000  Running /usr/bin/ditto '-V' '-c' '-k' '--norsrc' '/var/folders/f9/3s3hn7713sl6dggr4hwvnvjw0000gn/T/XcodeDistPipeline.p29/Root' '/var/folders/f9/3s3hn7713sl6dggr4hwvnvjw0000gn/T/XcodeDistPipeline.p29/Packages/VHYunSDKDemo.ipa'
2019-04-17 06:03:56 +0000  >>> Copying /var/folders/f9/3s3hn7713sl6dggr4hwvnvjw0000gn/T/XcodeDistPipeline.p29/Root 
2019-04-17 06:03:56 +0000  copying file ./Payload/VHYunSDKDemo.app/_CodeSignature/CodeResources ... 
2019-04-17 06:03:56 +0000  20175 bytes for ./Payload/VHYunSDKDemo.app/_CodeSignature/CodeResources
2019-04-17 06:03:56 +0000  copying file ./Payload/VHYunSDKDemo.app/AppIcon20x20@2x.png ... 
4139 bytes for ./Payload/VHYunSDKDemo.app/AppIcon20x20@2x.png
copying file ./Payload/VHYunSDKDemo.app/AppIcon20x20@2x~ipad.png ... 
2019-04-17 06:03:56 +0000  4139 bytes for ./Payload/VHYunSDKDemo.app/AppIcon20x20@2x~ipad.png
copying file ./Payload/VHYunSDKDemo.app/AppIcon20x20@3x.png ... 
2019-04-17 06:03:56 +0000  4735 bytes for ./Payload/VHYunSDKDemo.app/AppIcon20x20@3x.png
copying file ./Payload/VHYunSDKDemo.app/AppIcon40x40@2x.png ... 
2019-04-17 06:03:56 +0000  5889 bytes for ./Payload/VHYunSDKDemo.app/AppIcon40x40@2x.png
copying file ./Payload/VHYunSDKDemo.app/AppIcon40x40@2x~ipad.png ... 
2019-04-17 06:03:56 +0000  5889 bytes for ./Payload/VHYunSDKDemo.app/AppIcon40x40@2x~ipad.png
copying file ./Payload/VHYunSDKDemo.app/AppIcon40x40@3x.png ... 
2019-04-17 06:03:56 +0000  7263 bytes for ./Payload/VHYunSDKDemo.app/AppIcon40x40@3x.png
copying file ./Payload/VHYunSDKDemo.app/AppIcon40x40~ipad.png ... 
2019-04-17 06:03:56 +0000  4139 bytes for ./Payload/VHYunSDKDemo.app/AppIcon40x40~ipad.png
copying file ./Payload/VHYunSDKDemo.app/AppIcon60x60@2x.png ... 
2019-04-17 06:03:56 +0000  7263 bytes for ./Payload/VHYunSDKDemo.app/AppIcon60x60@2x.png
copying file ./Payload/VHYunSDKDemo.app/AppIcon60x60@3x.png ... 
2019-04-17 06:03:56 +0000  8930 bytes for ./Payload/VHYunSDKDemo.app/AppIcon60x60@3x.png
copying file ./Payload/VHYunSDKDemo.app/Assets.car ... 
2019-04-17 06:03:56 +0000  376344 bytes for ./Payload/VHYunSDKDemo.app/Assets.car
2019-04-17 06:03:56 +0000  copying file ./Payload/VHYunSDKDemo.app/Base.lproj/LaunchScreen.storyboardc/01J-lp-oVM-view-Ze5-6b-2t3.nib ... 
2019-04-17 06:03:56 +0000  1986 bytes for ./Payload/VHYunSDKDemo.app/Base.lproj/LaunchScreen.storyboardc/01J-lp-oVM-view-Ze5-6b-2t3.nib
copying file ./Payload/VHYunSDKDemo.app/Base.lproj/LaunchScreen.storyboardc/Info.plist ... 
2019-04-17 06:03:56 +0000  258 bytes for ./Payload/VHYunSDKDemo.app/Base.lproj/LaunchScreen.storyboardc/Info.plist
copying file ./Payload/VHYunSDKDemo.app/Base.lproj/LaunchScreen.storyboardc/UIViewController-01J-lp-oVM.nib ... 
2019-04-17 06:03:56 +0000  832 bytes for ./Payload/VHYunSDKDemo.app/Base.lproj/LaunchScreen.storyboardc/UIViewController-01J-lp-oVM.nib
copying file ./Payload/VHYunSDKDemo.app/Base.lproj/Main.storyboardc/bv4-Oz-8zn-view-IDK-hk-GUt.nib/objects-11.0+.nib ... 
2019-04-17 06:03:56 +0000  7293 bytes for ./Payload/VHYunSDKDemo.app/Base.lproj/Main.storyboardc/bv4-Oz-8zn-view-IDK-hk-GUt.nib/objects-11.0+.nib
copying file ./Payload/VHYunSDKDemo.app/Base.lproj/Main.storyboardc/bv4-Oz-8zn-view-IDK-hk-GUt.nib/runtime.nib ... 
2019-04-17 06:03:56 +0000  7411 bytes for ./Payload/VHYunSDKDemo.app/Base.lproj/Main.storyboardc/bv4-Oz-8zn-view-IDK-hk-GUt.nib/runtime.nib
2019-04-17 06:03:56 +0000  copying file ./Payload/VHYunSDKDemo.app/Base.lproj/Main.storyboardc/BYZ-38-t0r-view-8bC-Xf-vdC.nib/objects-11.0+.nib ... 
2019-04-17 06:03:56 +0000  8531 bytes for ./Payload/VHYunSDKDemo.app/Base.lproj/Main.storyboardc/BYZ-38-t0r-view-8bC-Xf-vdC.nib/objects-11.0+.nib
copying file ./Payload/VHYunSDKDemo.app/Base.lproj/Main.storyboardc/BYZ-38-t0r-view-8bC-Xf-vdC.nib/runtime.nib ... 
2019-04-17 06:03:56 +0000  8650 bytes for ./Payload/VHYunSDKDemo.app/Base.lproj/Main.storyboardc/BYZ-38-t0r-view-8bC-Xf-vdC.nib/runtime.nib
2019-04-17 06:03:56 +0000  copying file ./Payload/VHYunSDKDemo.app/Base.lproj/Main.storyboardc/Info.plist ... 
292 bytes for ./Payload/VHYunSDKDemo.app/Base.lproj/Main.storyboardc/Info.plist
copying file ./Payload/VHYunSDKDemo.app/Base.lproj/Main.storyboardc/UIViewController-bv4-Oz-8zn.nib/objects-11.0+.nib ... 
2019-04-17 06:03:56 +0000  974 bytes for ./Payload/VHYunSDKDemo.app/Base.lproj/Main.storyboardc/UIViewController-bv4-Oz-8zn.nib/objects-11.0+.nib
copying file ./Payload/VHYunSDKDemo.app/Base.lproj/Main.storyboardc/UIViewController-bv4-Oz-8zn.nib/runtime.nib ... 
2019-04-17 06:03:56 +0000  974 bytes for ./Payload/VHYunSDKDemo.app/Base.lproj/Main.storyboardc/UIViewController-bv4-Oz-8zn.nib/runtime.nib
2019-04-17 06:03:56 +0000  copying file ./Payload/VHYunSDKDemo.app/Base.lproj/Main.storyboardc/ViewController.nib/objects-11.0+.nib ... 
1023 bytes for ./Payload/VHYunSDKDemo.app/Base.lproj/Main.storyboardc/ViewController.nib/objects-11.0+.nib
2019-04-17 06:03:56 +0000  copying file ./Payload/VHYunSDKDemo.app/Base.lproj/Main.storyboardc/ViewController.nib/runtime.nib ... 
1023 bytes for ./Payload/VHYunSDKDemo.app/Base.lproj/Main.storyboardc/ViewController.nib/runtime.nib
2019-04-17 06:03:56 +0000  copying file ./Payload/VHYunSDKDemo.app/CustomPickerView~ipad.nib/objects-8.0+.nib ... 
2019-04-17 06:03:56 +0000  5116 bytes for ./Payload/VHYunSDKDemo.app/CustomPickerView~ipad.nib/objects-8.0+.nib
copying file ./Payload/VHYunSDKDemo.app/CustomPickerView~ipad.nib/runtime.nib ... 
2019-04-17 06:03:56 +0000  5117 bytes for ./Payload/VHYunSDKDemo.app/CustomPickerView~ipad.nib/runtime.nib
2019-04-17 06:03:56 +0000  copying file ./Payload/VHYunSDKDemo.app/CustomPickerView~iphone.nib/objects-8.0+.nib ... 
2019-04-17 06:03:56 +0000  5109 bytes for ./Payload/VHYunSDKDemo.app/CustomPickerView~iphone.nib/objects-8.0+.nib
copying file ./Payload/VHYunSDKDemo.app/CustomPickerView~iphone.nib/runtime.nib ... 
2019-04-17 06:03:56 +0000  5116 bytes for ./Payload/VHYunSDKDemo.app/CustomPickerView~iphone.nib/runtime.nib
2019-04-17 06:03:56 +0000  copying file ./Payload/VHYunSDKDemo.app/DocumentDemoViewController.nib/objects-11.0+.nib ... 
2019-04-17 06:03:56 +0000  11882 bytes for ./Payload/VHYunSDKDemo.app/DocumentDemoViewController.nib/objects-11.0+.nib
copying file ./Payload/VHYunSDKDemo.app/DocumentDemoViewController.nib/runtime.nib ... 
2019-04-17 06:03:56 +0000  11213 bytes for ./Payload/VHYunSDKDemo.app/DocumentDemoViewController.nib/runtime.nib
2019-04-17 06:03:56 +0000  copying file ./Payload/VHYunSDKDemo.app/embedded.mobileprovision ... 
2019-04-17 06:03:56 +0000  10465 bytes for ./Payload/VHYunSDKDemo.app/embedded.mobileprovision
2019-04-17 06:03:56 +0000  copying file ./Payload/VHYunSDKDemo.app/Frameworks/VhallLiveBaseApi.framework/_CodeSignature/CodeResources ... 
2019-04-17 06:03:56 +0000  2202 bytes for ./Payload/VHYunSDKDemo.app/Frameworks/VhallLiveBaseApi.framework/_CodeSignature/CodeResources
copying file ./Payload/VHYunSDKDemo.app/Frameworks/VhallLiveBaseApi.framework/Info.plist ... 
2019-04-17 06:03:56 +0000  717 bytes for ./Payload/VHYunSDKDemo.app/Frameworks/VhallLiveBaseApi.framework/Info.plist
copying file ./Payload/VHYunSDKDemo.app/Frameworks/VhallLiveBaseApi.framework/VhallLiveBaseApi ... 
2019-04-17 06:03:56 +0000  13765696 bytes for ./Payload/VHYunSDKDemo.app/Frameworks/VhallLiveBaseApi.framework/VhallLiveBaseApi
2019-04-17 06:03:56 +0000  copying file ./Payload/VHYunSDKDemo.app/Frameworks/VhallSignalingDynamic.framework/_CodeSignature/CodeResources ... 
2202 bytes for ./Payload/VHYunSDKDemo.app/Frameworks/VhallSignalingDynamic.framework/_CodeSignature/CodeResources
2019-04-17 06:03:56 +0000  copying file ./Payload/VHYunSDKDemo.app/Frameworks/VhallSignalingDynamic.framework/Info.plist ... 
727 bytes for ./Payload/VHYunSDKDemo.app/Frameworks/VhallSignalingDynamic.framework/Info.plist
copying file ./Payload/VHYunSDKDemo.app/Frameworks/VhallSignalingDynamic.framework/VhallSignalingDynamic ... 
2019-04-17 06:03:57 +0000  8370416 bytes for ./Payload/VHYunSDKDemo.app/Frameworks/VhallSignalingDynamic.framework/VhallSignalingDynamic
2019-04-17 06:03:57 +0000  copying file ./Payload/VHYunSDKDemo.app/Frameworks/WebRTC.framework/_CodeSignature/CodeResources ... 
2019-04-17 06:03:57 +0000  2488 bytes for ./Payload/VHYunSDKDemo.app/Frameworks/WebRTC.framework/_CodeSignature/CodeResources
copying file ./Payload/VHYunSDKDemo.app/Frameworks/WebRTC.framework/Info.plist ... 
762 bytes for ./Payload/VHYunSDKDemo.app/Frameworks/WebRTC.framework/Info.plist
copying file ./Payload/VHYunSDKDemo.app/Frameworks/WebRTC.framework/LICENSE.md ... 
2019-04-17 06:03:57 +0000  43439 bytes for ./Payload/VHYunSDKDemo.app/Frameworks/WebRTC.framework/LICENSE.md
copying file ./Payload/VHYunSDKDemo.app/Frameworks/WebRTC.framework/WebRTC ... 
2019-04-17 06:03:57 +0000  10823440 bytes for ./Payload/VHYunSDKDemo.app/Frameworks/WebRTC.framework/WebRTC
2019-04-17 06:03:57 +0000  copying file ./Payload/VHYunSDKDemo.app/IMViewController.nib/objects-11.0+.nib ... 
2019-04-17 06:03:57 +0000  5396 bytes for ./Payload/VHYunSDKDemo.app/IMViewController.nib/objects-11.0+.nib
2019-04-17 06:03:57 +0000  copying file ./Payload/VHYunSDKDemo.app/IMViewController.nib/runtime.nib ... 
4871 bytes for ./Payload/VHYunSDKDemo.app/IMViewController.nib/runtime.nib
copying file ./Payload/VHYunSDKDemo.app/Info.plist ... 
1567 bytes for ./Payload/VHYunSDKDemo.app/Info.plist
copying file ./Payload/VHYunSDKDemo.app/kodak.inf ... 
380 bytes for ./Payload/VHYunSDKDemo.app/kodak.inf
copying file ./Payload/VHYunSDKDemo.app/PkgInfo ... 
2019-04-17 06:03:57 +0000  8 bytes for ./Payload/VHYunSDKDemo.app/PkgInfo
copying file ./Payload/VHYunSDKDemo.app/PublishViewController.nib ... 
2019-04-17 06:03:57 +0000  9758 bytes for ./Payload/VHYunSDKDemo.app/PublishViewController.nib
2019-04-17 06:03:57 +0000  copying file ./Payload/VHYunSDKDemo.app/VHInteractiveViewController.nib/objects-11.0+.nib ... 
2019-04-17 06:03:57 +0000  10669 bytes for ./Payload/VHYunSDKDemo.app/VHInteractiveViewController.nib/objects-11.0+.nib
2019-04-17 06:03:57 +0000  copying file ./Payload/VHYunSDKDemo.app/VHInteractiveViewController.nib/runtime.nib ... 
2019-04-17 06:03:57 +0000  10135 bytes for ./Payload/VHYunSDKDemo.app/VHInteractiveViewController.nib/runtime.nib
2019-04-17 06:03:57 +0000  copying file ./Payload/VHYunSDKDemo.app/VHSettingViewController.nib ... 
2019-04-17 06:03:57 +0000  5823 bytes for ./Payload/VHYunSDKDemo.app/VHSettingViewController.nib
copying file ./Payload/VHYunSDKDemo.app/VHYunSDKDemo ... 
2019-04-17 06:03:58 +0000  3942672 bytes for ./Payload/VHYunSDKDemo.app/VHYunSDKDemo
2019-04-17 06:03:58 +0000  copying file ./Payload/VHYunSDKDemo.app/VodDocumentViewController.nib/objects-11.0+.nib ... 
8171 bytes for ./Payload/VHYunSDKDemo.app/VodDocumentViewController.nib/objects-11.0+.nib
copying file ./Payload/VHYunSDKDemo.app/VodDocumentViewController.nib/runtime.nib ... 
7513 bytes for ./Payload/VHYunSDKDemo.app/VodDocumentViewController.nib/runtime.nib
copying file ./Payload/VHYunSDKDemo.app/WatchViewController.nib/objects-11.0+.nib ... 
9581 bytes for ./Payload/VHYunSDKDemo.app/WatchViewController.nib/objects-11.0+.nib
copying file ./Payload/VHYunSDKDemo.app/WatchViewController.nib/runtime.nib ... 
8934 bytes for ./Payload/VHYunSDKDemo.app/WatchViewController.nib/runtime.nib
copying file ./Payload/VHYunSDKDemo.app/WatchVodViewController.nib/objects-11.0+.nib ... 
11355 bytes for ./Payload/VHYunSDKDemo.app/WatchVodViewController.nib/objects-11.0+.nib
copying file ./Payload/VHYunSDKDemo.app/WatchVodViewController.nib/runtime.nib ... 
2019-04-17 06:03:58 +0000  10689 bytes for ./Payload/VHYunSDKDemo.app/WatchVodViewController.nib/runtime.nib
2019-04-17 06:03:58 +0000  /usr/bin/ditto exited with 0
2019-04-17 06:03:58 +0000  Processing step: IDEDistributionAppStoreInformationStep
2019-04-17 06:03:58 +0000  Skipping step: IDEDistributionAppStoreInformationStep because it said so
2019-04-17 06:03:58 +0000  Processing step: IDEDistributionCreateManifestStep
